自驾游论坛	/bbs/forum-o-200042-1.html
青少年论坛	/bbs/forum-o-200325-1.html
机油论坛	/bbs/forum-o-200200-1.html
女性论坛	/bbs/forum-o-200111-1.html
房车论坛	/bbs/forum-o-200223-1.html
模型论坛	/bbs/forum-o-200203-1.html
二手车论坛	/bbs/forum-o-200070-1.html
维修保养论坛	/bbs/forum-o-200028-1.html
美食论坛	/bbs/forum-o-200202-1.html
自行车论坛	/bbs/forum-o-200057-1.html
装饰改装论坛	/bbs/forum-o-200029-1.html
家家众测论坛	/bbs/forum-o-200230-1.html
钓鱼论坛	/bbs/forum-o-200215-1.html
精彩视频论坛	/bbs/forum-o-200231-1.html
轮胎论坛	/bbs/forum-o-200201-1.html
车友圈论坛	/bbs/forum-o-200326-1.html
摄影论坛	/bbs/forum-o-200050-1.html
户外/极限运动论坛	/bbs/forum-o-200211-1.html
养车之家论坛	/bbs/forum-o-200055-1.html
育儿论坛	/bbs/forum-o-200208-1.html
无线电论坛	/bbs/forum-o-200206-1.html
精彩作业论坛	/bbs/forum-o-200009-1.html
车商城论坛	/bbs/forum-o-200226-1.html
吵完还是朋友论坛	/bbs/forum-o-200225-1.html
家装论坛	/bbs/forum-o-200212-1.html
玩家俱乐部论坛	/bbs/forum-o-200228-1.html
车险论坛	/bbs/forum-o-200109-1.html
飞机/舰船/战车论坛	/bbs/forum-o-200205-1.html
汽车插画论坛	/bbs/forum-o-200227-1.html
儿童安全座椅论坛	/bbs/forum-o-200080-1.html
宠物论坛	/bbs/forum-o-200213-1.html
车贷论坛	/bbs/forum-o-200110-1.html
卡丁车论坛	/bbs/forum-o-200064-1.html
数码论坛	/bbs/forum-o-200209-1.html
超级试驾员论坛	/bbs/forum-o-200224-1.html
理财论坛	/bbs/forum-o-200214-1.html
精彩连载论坛	/bbs/forum-o-200068-1.html
租车论坛	/bbs/forum-o-200107-1.html
驾考论坛	/bbs/forum-o-200229-1.html
游戏论坛	/bbs/forum-o-200232-1.html
台球论坛	/bbs/forum-o-200210-1.html
篮球论坛	/bbs/forum-o-200207-1.html
足球论坛	/bbs/forum-o-200204-1.html