上海论坛	/bbs/forum-a-100024-1.html
广东论坛	/bbs/forum-a-100006-1.html
北京论坛	/bbs/forum-a-100002-1.html
天津论坛	/bbs/forum-a-100026-1.html
四川论坛	/bbs/forum-a-100025-1.html
浙江论坛	/bbs/forum-a-100030-1.html
黑龙江论坛	/bbs/forum-a-100011-1.html
山东论坛	/bbs/forum-a-100023-1.html
贵州论坛	/bbs/forum-a-100008-1.html
广西论坛	/bbs/forum-a-100007-1.html
辽宁论坛	/bbs/forum-a-100019-1.html
湖南论坛	/bbs/forum-a-100014-1.html
河北论坛	/bbs/forum-a-100010-1.html
甘肃论坛	/bbs/forum-a-100005-1.html
陕西论坛	/bbs/forum-a-100031-1.html
云南论坛	/bbs/forum-a-100029-1.html
江苏论坛	/bbs/forum-a-100016-1.html
海外论坛	/bbs/forum-a-100099-1.html
新疆论坛	/bbs/forum-a-100028-1.html
河南论坛	/bbs/forum-a-100012-1.html
重庆论坛	/bbs/forum-a-100003-1.html
湖北论坛	/bbs/forum-a-100013-1.html
吉林论坛	/bbs/forum-a-100018-1.html
安徽论坛	/bbs/forum-a-100001-1.html
山西论坛	/bbs/forum-a-100022-1.html
福建论坛	/bbs/forum-a-100004-1.html
江西论坛	/bbs/forum-a-100017-1.html
内蒙古论坛	/bbs/forum-a-100015-1.html
青海论坛	/bbs/forum-a-100021-1.html
海南论坛	/bbs/forum-a-100009-1.html
宁夏论坛	/bbs/forum-a-100020-1.html
香港论坛	/bbs/forum-a-100033-1.html
西藏论坛	/bbs/forum-a-100027-1.html
澳门论坛	/bbs/forum-a-100034-1.html
台湾论坛	/bbs/forum-a-100032-1.html